{"/Users/hknowlton/repos/complete-intro-to-react/js/Search.jsx": {"path":"/Users/hknowlton/repos/complete-intro-to-react/js/Search.jsx","statementMap":{"0":{"start":{"line":10,"column":4},"end":{"line":10,"column":54}},"1":{"start":{"line":13,"column":4},"end":{"line":30,"column":6}},"2":{"start":{"line":26,"column":28},"end":{"line":26,"column":126}},"3":{"start":{"line":27,"column":25},"end":{"line":27,"column":65}}},"fnMap":{"0":{"name":"(anonymous_0)","decl":{"start":{"line":9,"column":27},"end":{"line":9,"column":28}},"loc":{"start":{"line":9,"column":36},"end":{"line":11,"column":3}},"line":9},"1":{"name":"(anonymous_1)","decl":{"start":{"line":12,"column":2},"end":{"line":12,"column":3}},"loc":{"start":{"line":12,"column":11},"end":{"line":31,"column":3}},"line":12},"2":{"name":"(anonymous_2)","decl":{"start":{"line":26,"column":20},"end":{"line":26,"column":21}},"loc":{"start":{"line":26,"column":28},"end":{"line":26,"column":126}},"line":26},"3":{"name":"(anonymous_3)","decl":{"start":{"line":27,"column":17},"end":{"line":27,"column":18}},"loc":{"start":{"line":27,"column":25},"end":{"line":27,"column":65}},"line":27}},"branchMap":{},"s":{"0":1,"1":4,"2":60,"3":47},"f":{"0":1,"1":4,"2":60,"3":47},"b":{},"_coverageSchema":"332fd63041d2c1bcb487cc26dd0d5f7d97098a6c","hash":"a3ea4f55aff6c10cbbdf1f367b5f95fe745d0049"}
,"/Users/hknowlton/repos/complete-intro-to-react/js/ShowCard.jsx": {"path":"/Users/hknowlton/repos/complete-intro-to-react/js/ShowCard.jsx","statementMap":{"0":{"start":{"line":5,"column":16},"end":{"line":14,"column":1}},"1":{"start":{"line":16,"column":14},"end":{"line":21,"column":1}},"2":{"start":{"line":23,"column":17},"end":{"line":32,"column":1}},"3":{"start":{"line":24,"column":2},"end":{"line":31,"column":12}},"4":{"start":{"line":34,"column":0},"end":{"line":39,"column":2}}},"fnMap":{"0":{"name":"(anonymous_0)","decl":{"start":{"line":23,"column":17},"end":{"line":23,"column":18}},"loc":{"start":{"line":24,"column":2},"end":{"line":31,"column":12}},"line":24}},"branchMap":{},"s":{"0":1,"1":1,"2":1,"3":0,"4":1},"f":{"0":0},"b":{},"_coverageSchema":"332fd63041d2c1bcb487cc26dd0d5f7d97098a6c","hash":"938806367fb6aab762333e98c18f59020cc57df0"}
}
