TN:
SF:/Users/hknowlton/repos/complete-intro-to-react/js/Search.jsx
FN:9,(anonymous_0)
FN:12,(anonymous_1)
FN:26,(anonymous_2)
FN:27,(anonymous_3)
FNF:4
FNH:4
FNDA:1,(anonymous_0)
FNDA:4,(anonymous_1)
FNDA:60,(anonymous_2)
FNDA:47,(anonymous_3)
DA:10,1
DA:13,4
DA:26,60
DA:27,47
LF:4
LH:4
BRF:0
BRH:0
end_of_record
TN:
SF:/Users/hknowlton/repos/complete-intro-to-react/js/ShowCard.jsx
FN:23,(anonymous_0)
FNF:1
FNH:0
FNDA:0,(anonymous_0)
DA:5,1
DA:16,1
DA:23,1
DA:24,0
DA:34,1
LF:5
LH:4
BRF:0
BRH:0
end_of_record
